<?xml version="1.0" encoding="UTF-8"?>
<!-- Generated by org.testng.reporters.JUnitReportReporter -->
<testsuite skipped="0" hostname="slt01-PC" name="com.hsl.cn.cn.TestLogin" tests="2" failures="0" timestamp="23 四月 2019 07:34:14 GMT" time="0.000" errors="0">
  <testcase name="testCase2" time="0.000" classname="com.hsl.cn.cn.TestLogin"/>
  <testcase name="testCase1" time="0.000" classname="com.hsl.cn.cn.TestLogin"/>
</testsuite> <!-- TestLogin -->
