<?xml version="1.0" encoding="UTF-8"?>
<!-- Generated by org.testng.reporters.JUnitReportReporter -->
<testsuite skipped="0" hostname="slt01-PC" name="com.hsl.cn.cn.asserts.Verify" tests="1" failures="0" timestamp="23 四月 2019 13:04:03 GMT" time="0.011" errors="0">
  <testcase name="test3" time="0.011" classname="com.hsl.cn.cn.asserts.Verify"/>
</testsuite> <!-- Verify -->
