<?xml version="1.0" encoding="UTF-8"?>
<!-- Generated by org.testng.reporters.JUnitReportReporter -->
<testsuite skipped="0" hostname="slt01-PC" name="com.hsl.cn.service.TestMailService" tests="1" failures="0" timestamp="24 六月 2019 09:46:18 GMT" time="1.685" errors="0">
  <testcase name="testsend" time="1.685" classname="com.hsl.cn.service.TestMailService"/>
</testsuite> <!-- com.hsl.cn.service.TestMailService -->
